<?xml version="1.0" encoding="UTF-8"?>
<!-- Generated by org.testng.reporters.JUnitReportReporter -->
<testsuite hostname="Amruthas-MacBook-Air.local" name="com.apex.ecommerce.signon.test.SignonTest" tests="1" failures="0" timestamp="20 Nov 2019 04:16:04 GMT" time="7.448" errors="0">
  <testcase name="testwithSuccessCredentials" time="7.448" classname="com.apex.ecommerce.signon.test.SignonTest"/>
</testsuite> <!-- com.apex.ecommerce.signon.test.SignonTest -->
