<?xml version="1.0" encoding="UTF-8"?>
<!-- Generated by org.testng.reporters.JUnitReportReporter -->
<testsuite hostname="Amruthas-MacBook-Air.local" name="com.apex.ecommerce.registration.test.RegistrationTest" tests="1" failures="0" timestamp="20 Nov 2019 08:10:15 GMT" time="10.514" errors="0">
  <testcase name="RegisterBeforeLogin" time="10.514" classname="com.apex.ecommerce.registration.test.RegistrationTest"/>
</testsuite> <!-- com.apex.ecommerce.registration.test.RegistrationTest -->
