<?xml version="1.0" encoding="UTF-8"?>
<!-- Generated by org.testng.reporters.JUnitReportReporter -->
<testsuite hostname="Amruthas-MacBook-Air.local" name="com.apex.ecommerce.order.test.OrderTest" tests="1" failures="0" timestamp="20 Nov 2019 23:18:36 GMT" time="7.366" errors="0">
  <testcase name="placeOrderSuccess" time="7.366" classname="com.apex.ecommerce.order.test.OrderTest"/>
</testsuite> <!-- com.apex.ecommerce.order.test.OrderTest -->
