<?xml version="1.0" encoding="UTF-8"?>
<!-- Generated by org.testng.reporters.JUnitReportReporter -->
<testsuite hostname="Amruthas-MacBook-Air.local" name="com.apex.ecommerce.signon.test.SignonTest" tests="5" failures="0" timestamp="20 Nov 2019 06:16:08 GMT" time="20.893" errors="0">
  <testcase name="testwithSuccessCredentials" time="3.685" classname="com.apex.ecommerce.signon.test.SignonTest"/>
  <testcase name="testwithAllBlanks" time="3.622" classname="com.apex.ecommerce.signon.test.SignonTest"/>
  <testcase name="testwithBlankUserId" time="3.696" classname="com.apex.ecommerce.signon.test.SignonTest"/>
  <testcase name="testwithInvalidCharacters" time="3.625" classname="com.apex.ecommerce.signon.test.SignonTest"/>
  <testcase name="testwithBlankPassword" time="6.265" classname="com.apex.ecommerce.signon.test.SignonTest"/>
</testsuite> <!-- com.apex.ecommerce.signon.test.SignonTest -->
