<?xml version="1.0" encoding="UTF-8"?>
<!-- Generated by org.testng.reporters.JUnitReportReporter -->
<testsuite skipped="0" hostname="Amruthas-MacBook-Air.local" name="com.datadrivenXlsx.DataDrivenTest" tests="9" failures="0" timestamp="18 Nov 2019 22:22:42 GMT" time="86.129" errors="0">
  <testcase name="IncorrectUserName" time="10.140" classname="com.datadrivenXlsx.DataDrivenTest"/>
  <testcase name="IncorrectUserName" time="12.479" classname="com.datadrivenXlsx.DataDrivenTest"/>
  <testcase name="IncorrectUserName" time="12.112" classname="com.datadrivenXlsx.DataDrivenTest"/>
  <testcase name="IncorrectUserName" time="8.620" classname="com.datadrivenXlsx.DataDrivenTest"/>
  <testcase name="IncorrectUserName" time="9.023" classname="com.datadrivenXlsx.DataDrivenTest"/>
  <testcase name="IncorrectUserName" time="7.706" classname="com.datadrivenXlsx.DataDrivenTest"/>
  <testcase name="IncorrectUserName" time="8.448" classname="com.datadrivenXlsx.DataDrivenTest"/>
  <testcase name="IncorrectUserName" time="10.079" classname="com.datadrivenXlsx.DataDrivenTest"/>
  <testcase name="IncorrectUserName" time="7.522" classname="com.datadrivenXlsx.DataDrivenTest"/>
</testsuite> <!-- com.datadrivenXlsx.DataDrivenTest -->
